↓ downloading https://archive.org/download/pushshift_rs/RS_2022-01.zst
  fallback due to: 404 Client Error: Not Found for url: https://archive.org/download/pushshift_rs/RS_2022-01.zst
↓ downloading https://files.pushshift.io/reddit/submissions/RS_2022-01.zst
  fallback due to: 521 Server Error:  for url: https://files.pushshift.io/reddit/submissions/RS_2022-01.zst
× failed to download month 2022-01
↓ downloading https://archive.org/download/pushshift_rs/RS_2022-02.zst
  fallback due to: 503 Server Error: Service Unavailable for url: https://archive.org/download/pushshift_rs/RS_2022-02.zst
↓ downloading https://files.pushshift.io/reddit/submissions/RS_2022-02.zst
  fallback due to: 521 Server Error:  for url: https://files.pushshift.io/reddit/submissions/RS_2022-02.zst
× failed to download month 2022-02
↓ downloading https://archive.org/download/pushshift_rs/RS_2022-03.zst
  fallback due to: 503 Server Error: Service Unavailable for url: https://archive.org/download/pushshift_rs/RS_2022-03.zst
↓ downloading https://files.pushshift.io/reddit/submissions/RS_2022-03.zst
  fallback due to: 521 Server Error:  for url: https://files.pushshift.io/reddit/submissions/RS_2022-03.zst
× failed to download month 2022-03
↓ downloading https://archive.org/download/pushshift_rs/RS_2022-04.zst
  fallback due to: 503 Server Error: Service Unavailable for url: https://archive.org/download/pushshift_rs/RS_2022-04.zst
↓ downloading https://files.pushshift.io/reddit/submissions/RS_2022-04.zst
  fallback due to: 521 Server Error:  for url: https://files.pushshift.io/reddit/submissions/RS_2022-04.zst
× failed to download month 2022-04
↓ downloading https://archive.org/download/pushshift_rs/RS_2022-05.zst
  fallback due to: 503 Server Error: Service Unavailable for url: https://archive.org/download/pushshift_rs/RS_2022-05.zst
↓ downloading https://files.pushshift.io/reddit/submissions/RS_2022-05.zst
  fallback due to: 521 Server Error:  for url: https://files.pushshift.io/reddit/submissions/RS_2022-05.zst
× failed to download month 2022-05
↓ downloading https://archive.org/download/pushshift_rs/RS_2022-06.zst
  fallback due to: 503 Server Error: Service Unavailable for url: https://archive.org/download/pushshift_rs/RS_2022-06.zst
↓ downloading https://files.pushshift.io/reddit/submissions/RS_2022-06.zst
  fallback due to: 521 Server Error:  for url: https://files.pushshift.io/reddit/submissions/RS_2022-06.zst
× failed to download month 2022-06
↓ downloading https://archive.org/download/pushshift_rs/RS_2022-07.zst
  fallback due to: 503 Server Error: Service Unavailable for url: https://archive.org/download/pushshift_rs/RS_2022-07.zst
↓ downloading https://files.pushshift.io/reddit/submissions/RS_2022-07.zst
  fallback due to: 521 Server Error:  for url: https://files.pushshift.io/reddit/submissions/RS_2022-07.zst
× failed to download month 2022-07
↓ downloading https://archive.org/download/pushshift_rs/RS_2022-08.zst
  fallback due to: 503 Server Error: Service Unavailable for url: https://archive.org/download/pushshift_rs/RS_2022-08.zst
↓ downloading https://files.pushshift.io/reddit/submissions/RS_2022-08.zst
  fallback due to: 521 Server Error:  for url: https://files.pushshift.io/reddit/submissions/RS_2022-08.zst
× failed to download month 2022-08
↓ downloading https://archive.org/download/pushshift_rs/RS_2022-09.zst
  fallback due to: 503 Server Error: Service Unavailable for url: https://archive.org/download/pushshift_rs/RS_2022-09.zst
↓ downloading https://files.pushshift.io/reddit/submissions/RS_2022-09.zst
  fallback due to: 521 Server Error:  for url: https://files.pushshift.io/reddit/submissions/RS_2022-09.zst
× failed to download month 2022-09
↓ downloading https://archive.org/download/pushshift_rs/RS_2022-10.zst
  fallback due to: 503 Server Error: Service Unavailable for url: https://archive.org/download/pushshift_rs/RS_2022-10.zst
↓ downloading https://files.pushshift.io/reddit/submissions/RS_2022-10.zst
  fallback due to: 521 Server Error:  for url: https://files.pushshift.io/reddit/submissions/RS_2022-10.zst
× failed to download month 2022-10
↓ downloading https://archive.org/download/pushshift_rs/RS_2022-11.zst
  fallback due to: 503 Server Error: Service Unavailable for url: https://archive.org/download/pushshift_rs/RS_2022-11.zst
↓ downloading https://files.pushshift.io/reddit/submissions/RS_2022-11.zst
  fallback due to: 521 Server Error:  for url: https://files.pushshift.io/reddit/submissions/RS_2022-11.zst
× failed to download month 2022-11
↓ downloading https://archive.org/download/pushshift_rs/RS_2022-12.zst
  fallback due to: 503 Server Error: Service Unavailable for url: https://archive.org/download/pushshift_rs/RS_2022-12.zst
↓ downloading https://files.pushshift.io/reddit/submissions/RS_2022-12.zst
  fallback due to: 521 Server Error:  for url: https://files.pushshift.io/reddit/submissions/RS_2022-12.zst
× failed to download month 2022-12
↓ downloading https://archive.org/download/pushshift_rs/RS_2023-01.zst
  fallback due to: 503 Server Error: Service Unavailable for url: https://archive.org/download/pushshift_rs/RS_2023-01.zst
↓ downloading https://files.pushshift.io/reddit/submissions/RS_2023-01.zst
  fallback due to: 521 Server Error:  for url: https://files.pushshift.io/reddit/submissions/RS_2023-01.zst
× failed to download month 2023-01
↓ downloading https://archive.org/download/pushshift_rs/RS_2023-02.zst
  fallback due to: 503 Server Error: Service Unavailable for url: https://archive.org/download/pushshift_rs/RS_2023-02.zst
↓ downloading https://files.pushshift.io/reddit/submissions/RS_2023-02.zst
  fallback due to: 521 Server Error:  for url: https://files.pushshift.io/reddit/submissions/RS_2023-02.zst
× failed to download month 2023-02
↓ downloading https://archive.org/download/pushshift_rs/RS_2023-03.zst
  fallback due to: 503 Server Error: Service Unavailable for url: https://archive.org/download/pushshift_rs/RS_2023-03.zst
↓ downloading https://files.pushshift.io/reddit/submissions/RS_2023-03.zst
  fallback due to: 521 Server Error:  for url: https://files.pushshift.io/reddit/submissions/RS_2023-03.zst
× failed to download month 2023-03
↓ downloading https://archive.org/download/pushshift_rs/RS_2023-04.zst
  fallback due to: 503 Server Error: Service Unavailable for url: https://archive.org/download/pushshift_rs/RS_2023-04.zst
↓ downloading https://files.pushshift.io/reddit/submissions/RS_2023-04.zst
  fallback due to: 521 Server Error:  for url: https://files.pushshift.io/reddit/submissions/RS_2023-04.zst
× failed to download month 2023-04
↓ downloading https://archive.org/download/pushshift_rs/RS_2023-05.zst
  fallback due to: 503 Server Error: Service Unavailable for url: https://archive.org/download/pushshift_rs/RS_2023-05.zst
↓ downloading https://files.pushshift.io/reddit/submissions/RS_2023-05.zst
  fallback due to: 521 Server Error:  for url: https://files.pushshift.io/reddit/submissions/RS_2023-05.zst
× failed to download month 2023-05
↓ downloading https://archive.org/download/pushshift_rs/RS_2023-06.zst
  fallback due to: 503 Server Error: Service Unavailable for url: https://archive.org/download/pushshift_rs/RS_2023-06.zst
↓ downloading https://files.pushshift.io/reddit/submissions/RS_2023-06.zst
  fallback due to: 521 Server Error:  for url: https://files.pushshift.io/reddit/submissions/RS_2023-06.zst
× failed to download month 2023-06
↓ downloading https://archive.org/download/pushshift_rs/RS_2023-07.zst
  fallback due to: 503 Server Error: Service Unavailable for url: https://archive.org/download/pushshift_rs/RS_2023-07.zst
↓ downloading https://files.pushshift.io/reddit/submissions/RS_2023-07.zst
  fallback due to: 521 Server Error:  for url: https://files.pushshift.io/reddit/submissions/RS_2023-07.zst
× failed to download month 2023-07
↓ downloading https://archive.org/download/pushshift_rs/RS_2023-08.zst
  fallback due to: 503 Server Error: Service Unavailable for url: https://archive.org/download/pushshift_rs/RS_2023-08.zst
↓ downloading https://files.pushshift.io/reddit/submissions/RS_2023-08.zst
  fallback due to: 521 Server Error:  for url: https://files.pushshift.io/reddit/submissions/RS_2023-08.zst
× failed to download month 2023-08
↓ downloading https://archive.org/download/pushshift_rs/RS_2023-09.zst
  fallback due to: 503 Server Error: Service Unavailable for url: https://archive.org/download/pushshift_rs/RS_2023-09.zst
↓ downloading https://files.pushshift.io/reddit/submissions/RS_2023-09.zst
  fallback due to: 521 Server Error:  for url: https://files.pushshift.io/reddit/submissions/RS_2023-09.zst
× failed to download month 2023-09
↓ downloading https://archive.org/download/pushshift_rs/RS_2023-10.zst
  fallback due to: 503 Server Error: Service Unavailable for url: https://archive.org/download/pushshift_rs/RS_2023-10.zst
↓ downloading https://files.pushshift.io/reddit/submissions/RS_2023-10.zst
  fallback due to: 521 Server Error:  for url: https://files.pushshift.io/reddit/submissions/RS_2023-10.zst
× failed to download month 2023-10
↓ downloading https://archive.org/download/pushshift_rs/RS_2023-11.zst
  fallback due to: 503 Server Error: Service Unavailable for url: https://archive.org/download/pushshift_rs/RS_2023-11.zst
↓ downloading https://files.pushshift.io/reddit/submissions/RS_2023-11.zst
  fallback due to: 521 Server Error:  for url: https://files.pushshift.io/reddit/submissions/RS_2023-11.zst
× failed to download month 2023-11
↓ downloading https://archive.org/download/pushshift_rs/RS_2023-12.zst
  fallback due to: 503 Server Error: Service Unavailable for url: https://archive.org/download/pushshift_rs/RS_2023-12.zst
↓ downloading https://files.pushshift.io/reddit/submissions/RS_2023-12.zst
  fallback due to: 521 Server Error:  for url: https://files.pushshift.io/reddit/submissions/RS_2023-12.zst
× failed to download month 2023-12
× no yearly CSVs to aggregate
